<?xml version="1.0" encoding="UTF-8" ?>
<testsuite failures="0" time="0.353" errors="0" skipped="0" tests="0" name="TestSuite">
  <properties>
    <property name="java.runtime.name" value="Java(TM) SE Runtime Environment"/>
    <property name="sun.boot.library.path" value="C:\Appli\java\jdk1.6.0_19\jre\bin"/>
    <property name="java.vm.version" value="16.2-b04"/>
    <property name="java.vm.vendor" value="Sun Microsystems Inc."/>
    <property name="java.vendor.url" value="http://java.sun.com/"/>
    <property name="path.separator" value=";"/>
    <property name="guice.disable.misplaced.annotation.check" value="true"/>
    <property name="java.vm.name" value="Java HotSpot(TM) Client VM"/>
    <property name="file.encoding.pkg" value="sun.io"/>
    <property name="user.country" value="FR"/>
    <property name="sun.java.launcher" value="SUN_STANDARD"/>
    <property name="sun.os.patch.level" value="Service Pack 2"/>
    <property name="java.vm.specification.name" value="Java Virtual Machine Specification"/>
    <property name="user.dir" value="C:\data\eclipse\workspace\ajf-parent"/>
    <property name="java.runtime.version" value="1.6.0_19-b04"/>
    <property name="java.awt.graphicsenv" value="sun.awt.Win32GraphicsEnvironment"/>
    <property name="java.endorsed.dirs" value="C:\Appli\java\jdk1.6.0_19\jre\lib\endorsed"/>
    <property name="os.arch" value="x86"/>
    <property name="java.io.tmpdir" value="C:\Users\vincent\AppData\Local\Temp\"/>
    <property name="line.separator" value="
"/>
    <property name="java.vm.specification.vendor" value="Sun Microsystems Inc."/>
    <property name="user.variant" value=""/>
    <property name="os.name" value="Windows Vista"/>
    <property name="classworlds.conf" value="C:\data\eclipse\workspace\.metadata\.plugins\org.maven.ide.eclipse\launches\m2conf3658694430025057528.tmp"/>
    <property name="sun.jnu.encoding" value="Cp1252"/>
    <property name="java.library.path" value="C:\Appli\java\jdk1.6.0_19\bin;.;C:\Windows\Sun\Java\bin;C:\Windows\system32;C:\Windows;C:/Program Files/Java/jdk1.6.0_19/bin/../jre/bin/client;C:/Program Files/Java/jdk1.6.0_19/bin/../jre/bin;C:/Program Files/Java/jdk1.6.0_19/bin/../jre/lib/i386;C:\PROGRA~1\MKSTOO~1\mksnt;C:\Windows\system32;C:\Windows;C:\Windows\System32\Wbem;C:\Program Files\Intel\DMIX;C:\Program Files\NTRU Cryptosystems\NTRU TCG Software Stack\bin;C:\Program Files\Wave Systems Corp\Gemalto\Access Client\v5;c:\Program Files\Common Files\Roxio Shared\DLLShared;c:\Program Files\Common Files\Roxio Shared\10.0\DLLShared;C:\Appli\IBM\SQLLIB\BIN;C:\Appli\IBM\SQLLIB\FUNCTION;C:\Program Files\Tail4win;C:\Program Files\QuickTime\QTSystem\;C:\Appli\java\jdk1.6.0_19\bin;C:\Appli\apache-ant-1.8.2\bin;C:\Appli\apache-maven-3.0.3\bin;C:\PROGRA~1\MKSTOO~1\mksnt;C:\Windows\system32;C:\Windows;C:\Windows\System32\Wbem;C:\Program Files\Intel\DMIX;C:\Program Files\NTRU Cryptosystems\NTRU TCG Software Stack\bin;C:\Program Files\Wave Systems Corp\Gemalto\Access Client\v5;c:\Program Files\Common Files\Roxio Shared\DLLShared;c:\Program Files\Common Files\Roxio Shared\10.0\DLLShared;C:\Appli\IBM\SQLLIB\BIN;C:\Appli\IBM\SQLLIB\FUNCTION;C:\Program Files\Tail4win;C:\Program Files\QuickTime\QTSystem\;C:\Appli\eclipse;"/>
    <property name="java.specification.name" value="Java Platform API Specification"/>
    <property name="java.class.version" value="50.0"/>
    <property name="sun.management.compiler" value="HotSpot Client Compiler"/>
    <property name="os.version" value="6.0"/>
    <property name="user.home" value="C:\Users\vincent"/>
    <property name="user.timezone" value="Europe/Paris"/>
    <property name="java.awt.printerjob" value="sun.awt.windows.WPrinterJob"/>
    <property name="file.encoding" value="Cp1252"/>
    <property name="java.specification.version" value="1.6"/>
    <property name="user.name" value="vincent"/>
    <property name="java.class.path" value="C:\Appli\apache-maven-3.0.3\boot\plexus-classworlds-2.4.jar"/>
    <property name="java.vm.specification.version" value="1.0"/>
    <property name="sun.arch.data.model" value="32"/>
    <property name="java.home" value="C:\Appli\java\jdk1.6.0_19\jre"/>
    <property name="java.specification.vendor" value="Sun Microsystems Inc."/>
    <property name="user.language" value="fr"/>
    <property name="awt.toolkit" value="sun.awt.windows.WToolkit"/>
    <property name="java.vm.info" value="mixed mode, sharing"/>
    <property name="java.version" value="1.6.0_19"/>
    <property name="java.ext.dirs" value="C:\Appli\java\jdk1.6.0_19\jre\lib\ext;C:\Windows\Sun\Java\lib\ext"/>
    <property name="sun.boot.class.path" value="C:\Appli\java\jdk1.6.0_19\jre\lib\resources.jar;C:\Appli\java\jdk1.6.0_19\jre\lib\rt.jar;C:\Appli\java\jdk1.6.0_19\jre\lib\sunrsasign.jar;C:\Appli\java\jdk1.6.0_19\jre\lib\jsse.jar;C:\Appli\java\jdk1.6.0_19\jre\lib\jce.jar;C:\Appli\java\jdk1.6.0_19\jre\lib\charsets.jar;C:\Appli\java\jdk1.6.0_19\jre\classes"/>
    <property name="java.vendor" value="Sun Microsystems Inc."/>
    <property name="maven.home" value="C:\Appli\apache-maven-3.0.3"/>
    <property name="file.separator" value="\"/>
    <property name="java.vendor.url.bug" value="http://java.sun.com/cgi-bin/bugreport.cgi"/>
    <property name="sun.cpu.endian" value="little"/>
    <property name="sun.io.unicode.encoding" value="UnicodeLittle"/>
    <property name="sun.desktop" value="windows"/>
    <property name="sun.cpu.isalist" value="pentium_pro+mmx pentium_pro pentium+mmx pentium i486 i386 i86"/>
  </properties>
</testsuite>